# JRE version: Java(TM) SE Runtime Environment (8.0_11-b12) (build 1.8.0_11-b12)
# Java VM: Java HotSpot(TM) 64-Bit Server VM (25.11-b03 mixed mode windows-amd64 compressed oops)
Heap:
 PSYoungGen      total 76288K, used 28449K [0x00000000d5b80000, 0x00000000dba80000, 0x0000000100000000)
  eden space 62976K, 27% used [0x00000000d5b80000,0x00000000d6c602b8,0x00000000d9900000)
  from space 13312K, 83% used [0x00000000d9900000,0x00000000da3e84a8,0x00000000da600000)
  to   space 14848K, 0% used [0x00000000dac00000,0x00000000dac00000,0x00000000dba80000)
 ParOldGen       total 23552K, used 17722K [0x0000000081200000, 0x0000000082900000, 0x00000000d5b80000)
  object space 23552K, 75% used [0x0000000081200000,0x000000008234e8d0,0x0000000082900000)
 Metaspace       used 61784K, capacity 64894K, committed 65152K, reserved 1105920K
  class space    used 8571K, capacity 9052K, committed 9088K, reserved 1048576K
GC Heap History (10 events):
Event: 14.254 GC heap before
{Heap before GC invocations=26 (full 2):
 PSYoungGen      total 65024K, used 60702K [0x00000000d5b80000, 0x00000000da780000, 0x0000000100000000)
  eden space 58368K, 93% used [0x00000000d5b80000,0x00000000d908e0d8,0x00000000d9480000)
  from space 6656K, 95% used [0x00000000d9480000,0x00000000d9ab9928,0x00000000d9b00000)
  to   space 7680K, 0% used [0x00000000da000000,0x00000000da000000,0x00000000da780000)
 ParOldGen       total 14336K, used 10687K [0x0000000081200000, 0x0000000082000000, 0x00000000d5b80000)
  object space 14336K, 74% used [0x0000000081200000,0x0000000081c6ffa8,0x0000000082000000)
 Metaspace       used 43225K, capacity 45058K, committed 45340K, reserved 1089536K
  class space    used 5863K, capacity 6174K, committed 6272K, reserved 1048576K
Event: 14.273 GC heap after
Heap after GC invocations=26 (full 2):
 PSYoungGen      total 66560K, used 7670K [0x00000000d5b80000, 0x00000000db100000, 0x0000000100000000)
  eden space 58880K, 0% used [0x00000000d5b80000,0x00000000d5b80000,0x00000000d9500000)
  from space 7680K, 99% used [0x00000000da000000,0x00000000da77d9e8,0x00000000da780000)
  to   space 11264K, 0% used [0x00000000d9500000,0x00000000d9500000,0x00000000da000000)
 ParOldGen       total 16384K, used 15965K [0x0000000081200000, 0x0000000082200000, 0x00000000d5b80000)
  object space 16384K, 97% used [0x0000000081200000,0x0000000082197720,0x0000000082200000)
 Metaspace       used 43225K, capacity 45058K, committed 45340K, reserved 1089536K
  class space    used 5863K, capacity 6174K, committed 6272K, reserved 1048576K
}
Event: 14.273 GC heap before
{Heap before GC invocations=27 (full 3):
 PSYoungGen      total 66560K, used 7670K [0x00000000d5b80000, 0x00000000db100000, 0x0000000100000000)
  eden space 58880K, 0% used [0x00000000d5b80000,0x00000000d5b80000,0x00000000d9500000)
  from space 7680K, 99% used [0x00000000da000000,0x00000000da77d9e8,0x00000000da780000)
  to   space 11264K, 0% used [0x00000000d9500000,0x00000000d9500000,0x00000000da000000)
 ParOldGen       total 16384K, used 15965K [0x0000000081200000, 0x0000000082200000, 0x00000000d5b80000)
  object space 16384K, 97% used [0x0000000081200000,0x0000000082197720,0x0000000082200000)
 Metaspace       used 43225K, capacity 45058K, committed 45340K, reserved 1089536K
  class space    used 5863K, capacity 6174K, committed 6272K, reserved 1048576K
Event: 14.468 GC heap after
Heap after GC invocations=27 (full 3):
 PSYoungGen      total 66560K, used 3375K [0x00000000d5b80000, 0x00000000db100000, 0x0000000100000000)
  eden space 58880K, 0% used [0x00000000d5b80000,0x00000000d5b80000,0x00000000d9500000)
  from space 7680K, 43% used [0x00000000da000000,0x00000000da34be58,0x00000000da780000)
  to   space 11264K, 0% used [0x00000000d9500000,0x00000000d9500000,0x00000000da000000)
 ParOldGen       total 23552K, used 16303K [0x0000000081200000, 0x0000000082900000, 0x00000000d5b80000)
  object space 23552K, 69% used [0x0000000081200000,0x00000000821ebf80,0x0000000082900000)
 Metaspace       used 43225K, capacity 45058K, committed 45340K, reserved 1089536K
  class space    used 5863K, capacity 6174K, committed 6272K, reserved 1048576K
}
Event: 16.128 GC heap before
{Heap before GC invocations=28 (full 3):
 PSYoungGen      total 66560K, used 62255K [0x00000000d5b80000, 0x00000000db100000, 0x0000000100000000)
  eden space 58880K, 100% used [0x00000000d5b80000,0x00000000d9500000,0x00000000d9500000)
  from space 7680K, 43% used [0x00000000da000000,0x00000000da34be58,0x00000000da780000)
  to   space 11264K, 0% used [0x00000000d9500000,0x00000000d9500000,0x00000000da000000)
 ParOldGen       total 23552K, used 16303K [0x0000000081200000, 0x0000000082900000, 0x00000000d5b80000)
  object space 23552K, 69% used [0x0000000081200000,0x00000000821ebf80,0x0000000082900000)
 Metaspace       used 50751K, capacity 52756K, committed 52992K, reserved 1095680K
  class space    used 7064K, capacity 7417K, committed 7424K, reserved 1048576K
Event: 16.144 GC heap after
Heap after GC invocations=28 (full 3):
 PSYoungGen      total 70144K, used 8961K [0x00000000d5b80000, 0x00000000db200000, 0x0000000100000000)
  eden space 58880K, 0% used [0x00000000d5b80000,0x00000000d5b80000,0x00000000d9500000)
  from space 11264K, 79% used [0x00000000d9500000,0x00000000d9dc0498,0x00000000da000000)
  to   space 12288K, 0% used [0x00000000da600000,0x00000000da600000,0x00000000db200000)
 ParOldGen       total 23552K, used 17706K [0x0000000081200000, 0x0000000082900000, 0x00000000d5b80000)
  object space 23552K, 75% used [0x0000000081200000,0x000000008234a8d0,0x0000000082900000)
 Metaspace       used 50751K, capacity 52756K, committed 52992K, reserved 1095680K
  class space    used 7064K, capacity 7417K, committed 7424K, reserved 1048576K
}
Event: 17.924 GC heap before
{Heap before GC invocations=29 (full 3):
 PSYoungGen      total 70144K, used 67841K [0x00000000d5b80000, 0x00000000db200000, 0x0000000100000000)
  eden space 58880K, 100% used [0x00000000d5b80000,0x00000000d9500000,0x00000000d9500000)
  from space 11264K, 79% used [0x00000000d9500000,0x00000000d9dc0498,0x00000000da000000)
  to   space 12288K, 0% used [0x00000000da600000,0x00000000da600000,0x00000000db200000)
 ParOldGen       total 23552K, used 17706K [0x0000000081200000, 0x0000000082900000, 0x00000000d5b80000)
  object space 23552K, 75% used [0x0000000081200000,0x000000008234a8d0,0x0000000082900000)
 Metaspace       used 56362K, capacity 58940K, committed 59264K, reserved 1099776K
  class space    used 7822K, capacity 8239K, committed 8320K, reserved 1048576K
Event: 17.945 GC heap after
Heap after GC invocations=29 (full 3):
 PSYoungGen      total 75264K, used 9207K [0x00000000d5b80000, 0x00000000db400000, 0x0000000100000000)
  eden space 62976K, 0% used [0x00000000d5b80000,0x00000000d5b80000,0x00000000d9900000)
  from space 12288K, 74% used [0x00000000da600000,0x00000000daefdfa0,0x00000000db200000)
  to   space 13312K, 0% used [0x00000000d9900000,0x00000000d9900000,0x00000000da600000)
 ParOldGen       total 23552K, used 17714K [0x0000000081200000, 0x0000000082900000, 0x00000000d5b80000)
  object space 23552K, 75% used [0x0000000081200000,0x000000008234c8d0,0x0000000082900000)
 Metaspace       used 56362K, capacity 58940K, committed 59264K, reserved 1099776K
  class space    used 7822K, capacity 8239K, committed 8320K, reserved 1048576K
}
Event: 25.788 GC heap before
{Heap before GC invocations=30 (full 3):
 PSYoungGen      total 75264K, used 72183K [0x00000000d5b80000, 0x00000000db400000, 0x0000000100000000)
  eden space 62976K, 100% used [0x00000000d5b80000,0x00000000d9900000,0x00000000d9900000)
  from space 12288K, 74% used [0x00000000da600000,0x00000000daefdfa0,0x00000000db200000)
  to   space 13312K, 0% used [0x00000000d9900000,0x00000000d9900000,0x00000000da600000)
 ParOldGen       total 23552K, used 17714K [0x0000000081200000, 0x0000000082900000, 0x00000000d5b80000)
  object space 23552K, 75% used [0x0000000081200000,0x000000008234c8d0,0x0000000082900000)
 Metaspace       used 60886K, capacity 63970K, committed 64128K, reserved 1103872K
  class space    used 8462K, capacity 8972K, committed 9088K, reserved 1048576K
Event: 25.803 GC heap after
Heap after GC invocations=30 (full 3):
 PSYoungGen      total 76288K, used 11169K [0x00000000d5b80000, 0x00000000dba80000, 0x0000000100000000)
  eden space 62976K, 0% used [0x00000000d5b80000,0x00000000d5b80000,0x00000000d9900000)
  from space 13312K, 83% used [0x00000000d9900000,0x00000000da3e84a8,0x00000000da600000)
  to   space 14848K, 0% used [0x00000000dac00000,0x00000000dac00000,0x00000000dba80000)
 ParOldGen       total 23552K, used 17722K [0x0000000081200000, 0x0000000082900000, 0x00000000d5b80000)
  object space 23552K, 75% used [0x0000000081200000,0x000000008234e8d0,0x0000000082900000)
 Metaspace       used 60886K, capacity 63970K, committed 64128K, reserved 1103872K
  class space    used 8462K, capacity 8972K, committed 9088K, reserved 1048576K
}

