# JRE version: Java(TM) SE Runtime Environment (8.0_11-b12) (build 1.8.0_11-b12)
# Java VM: Java HotSpot(TM) 64-Bit Server VM (25.11-b03 mixed mode windows-amd64 compressed oops)
Heap:
 PSYoungGen      total 71168K, used 34782K [0x00000000d5b80000, 0x00000000db500000, 0x0000000100000000)
  eden space 57856K, 40% used [0x00000000d5b80000,0x00000000d722bb10,0x00000000d9400000)
  from space 13312K, 86% used [0x00000000d9400000,0x00000000d9f4bf80,0x00000000da100000)
  to   space 14848K, 0% used [0x00000000da680000,0x00000000da680000,0x00000000db500000)
 ParOldGen       total 23552K, used 17636K [0x0000000081200000, 0x0000000082900000, 0x00000000d5b80000)
  object space 23552K, 74% used [0x0000000081200000,0x00000000823390c8,0x0000000082900000)
 Metaspace       used 61052K, capacity 64196K, committed 64304K, reserved 1103872K
  class space    used 8453K, capacity 8945K, committed 9008K, reserved 1048576K
GC Heap History (10 events):
Event: 14.250 GC heap before
{Heap before GC invocations=26 (full 2):
 PSYoungGen      total 60928K, used 60112K [0x00000000d5b80000, 0x00000000da300000, 0x0000000100000000)
  eden space 54272K, 100% used [0x00000000d5b80000,0x00000000d9080000,0x00000000d9080000)
  from space 6656K, 87% used [0x00000000d9080000,0x00000000d96343f0,0x00000000d9700000)
  to   space 7680K, 0% used [0x00000000d9b80000,0x00000000d9b80000,0x00000000da300000)
 ParOldGen       total 14336K, used 10817K [0x0000000081200000, 0x0000000082000000, 0x00000000d5b80000)
  object space 14336K, 75% used [0x0000000081200000,0x0000000081c904a8,0x0000000082000000)
 Metaspace       used 43554K, capacity 45448K, committed 45744K, reserved 1089536K
  class space    used 5914K, capacity 6239K, committed 6320K, reserved 1048576K
Event: 14.267 GC heap after
Heap after GC invocations=26 (full 2):
 PSYoungGen      total 62464K, used 7673K [0x00000000d5b80000, 0x00000000daa80000, 0x0000000100000000)
  eden space 54784K, 0% used [0x00000000d5b80000,0x00000000d5b80000,0x00000000d9100000)
  from space 7680K, 99% used [0x00000000d9b80000,0x00000000da2fe610,0x00000000da300000)
  to   space 10752K, 0% used [0x00000000d9100000,0x00000000d9100000,0x00000000d9b80000)
 ParOldGen       total 16384K, used 16224K [0x0000000081200000, 0x0000000082200000, 0x00000000d5b80000)
  object space 16384K, 99% used [0x0000000081200000,0x00000000821d8200,0x0000000082200000)
 Metaspace       used 43554K, capacity 45448K, committed 45744K, reserved 1089536K
  class space    used 5914K, capacity 6239K, committed 6320K, reserved 1048576K
}
Event: 14.267 GC heap before
{Heap before GC invocations=27 (full 3):
 PSYoungGen      total 62464K, used 7673K [0x00000000d5b80000, 0x00000000daa80000, 0x0000000100000000)
  eden space 54784K, 0% used [0x00000000d5b80000,0x00000000d5b80000,0x00000000d9100000)
  from space 7680K, 99% used [0x00000000d9b80000,0x00000000da2fe610,0x00000000da300000)
  to   space 10752K, 0% used [0x00000000d9100000,0x00000000d9100000,0x00000000d9b80000)
 ParOldGen       total 16384K, used 16224K [0x0000000081200000, 0x0000000082200000, 0x00000000d5b80000)
  object space 16384K, 99% used [0x0000000081200000,0x00000000821d8200,0x0000000082200000)
 Metaspace       used 43554K, capacity 45448K, committed 45744K, reserved 1089536K
  class space    used 5914K, capacity 6239K, committed 6320K, reserved 1048576K
Event: 14.431 GC heap after
Heap after GC invocations=27 (full 3):
 PSYoungGen      total 62464K, used 3955K [0x00000000d5b80000, 0x00000000daa80000, 0x0000000100000000)
  eden space 54784K, 0% used [0x00000000d5b80000,0x00000000d5b80000,0x00000000d9100000)
  from space 7680K, 51% used [0x00000000d9b80000,0x00000000d9f5ce00,0x00000000da300000)
  to   space 10752K, 0% used [0x00000000d9100000,0x00000000d9100000,0x00000000d9b80000)
 ParOldGen       total 23552K, used 16005K [0x0000000081200000, 0x0000000082900000, 0x00000000d5b80000)
  object space 23552K, 67% used [0x0000000081200000,0x00000000821a1768,0x0000000082900000)
 Metaspace       used 43554K, capacity 45448K, committed 45744K, reserved 1089536K
  class space    used 5914K, capacity 6239K, committed 6320K, reserved 1048576K
}
Event: 15.859 GC heap before
{Heap before GC invocations=28 (full 3):
 PSYoungGen      total 62464K, used 58739K [0x00000000d5b80000, 0x00000000daa80000, 0x0000000100000000)
  eden space 54784K, 100% used [0x00000000d5b80000,0x00000000d9100000,0x00000000d9100000)
  from space 7680K, 51% used [0x00000000d9b80000,0x00000000d9f5ce00,0x00000000da300000)
  to   space 10752K, 0% used [0x00000000d9100000,0x00000000d9100000,0x00000000d9b80000)
 ParOldGen       total 23552K, used 16005K [0x0000000081200000, 0x0000000082900000, 0x00000000d5b80000)
  object space 23552K, 67% used [0x0000000081200000,0x00000000821a1768,0x0000000082900000)
 Metaspace       used 50751K, capacity 52744K, committed 53040K, reserved 1095680K
  class space    used 7065K, capacity 7415K, committed 7472K, reserved 1048576K
Event: 15.871 GC heap after
Heap after GC invocations=28 (full 3):
 PSYoungGen      total 65536K, used 9106K [0x00000000d5b80000, 0x00000000dad00000, 0x0000000100000000)
  eden space 54784K, 0% used [0x00000000d5b80000,0x00000000d5b80000,0x00000000d9100000)
  from space 10752K, 84% used [0x00000000d9100000,0x00000000d99e4810,0x00000000d9b80000)
  to   space 12288K, 0% used [0x00000000da100000,0x00000000da100000,0x00000000dad00000)
 ParOldGen       total 23552K, used 17620K [0x0000000081200000, 0x0000000082900000, 0x00000000d5b80000)
  object space 23552K, 74% used [0x0000000081200000,0x00000000823350c8,0x0000000082900000)
 Metaspace       used 50751K, capacity 52744K, committed 53040K, reserved 1095680K
  class space    used 7065K, capacity 7415K, committed 7472K, reserved 1048576K
}
Event: 17.506 GC heap before
{Heap before GC invocations=29 (full 3):
 PSYoungGen      total 65536K, used 63890K [0x00000000d5b80000, 0x00000000dad00000, 0x0000000100000000)
  eden space 54784K, 100% used [0x00000000d5b80000,0x00000000d9100000,0x00000000d9100000)
  from space 10752K, 84% used [0x00000000d9100000,0x00000000d99e4810,0x00000000d9b80000)
  to   space 12288K, 0% used [0x00000000da100000,0x00000000da100000,0x00000000dad00000)
 ParOldGen       total 23552K, used 17620K [0x0000000081200000, 0x0000000082900000, 0x00000000d5b80000)
  object space 23552K, 74% used [0x0000000081200000,0x00000000823350c8,0x0000000082900000)
 Metaspace       used 56128K, capacity 58734K, committed 58928K, reserved 1099776K
  class space    used 7786K, capacity 8202K, committed 8240K, reserved 1048576K
Event: 17.530 GC heap after
Heap after GC invocations=29 (full 3):
 PSYoungGen      total 70144K, used 9359K [0x00000000d5b80000, 0x00000000daf80000, 0x0000000100000000)
  eden space 57856K, 0% used [0x00000000d5b80000,0x00000000d5b80000,0x00000000d9400000)
  from space 12288K, 76% used [0x00000000da100000,0x00000000daa23e38,0x00000000dad00000)
  to   space 13312K, 0% used [0x00000000d9400000,0x00000000d9400000,0x00000000da100000)
 ParOldGen       total 23552K, used 17628K [0x0000000081200000, 0x0000000082900000, 0x00000000d5b80000)
  object space 23552K, 74% used [0x0000000081200000,0x00000000823370c8,0x0000000082900000)
 Metaspace       used 56128K, capacity 58734K, committed 58928K, reserved 1099776K
  class space    used 7786K, capacity 8202K, committed 8240K, reserved 1048576K
}
Event: 147.423 GC heap before
{Heap before GC invocations=30 (full 3):
 PSYoungGen      total 70144K, used 67215K [0x00000000d5b80000, 0x00000000daf80000, 0x0000000100000000)
  eden space 57856K, 100% used [0x00000000d5b80000,0x00000000d9400000,0x00000000d9400000)
  from space 12288K, 76% used [0x00000000da100000,0x00000000daa23e38,0x00000000dad00000)
  to   space 13312K, 0% used [0x00000000d9400000,0x00000000d9400000,0x00000000da100000)
 ParOldGen       total 23552K, used 17628K [0x0000000081200000, 0x0000000082900000, 0x00000000d5b80000)
  object space 23552K, 74% used [0x0000000081200000,0x00000000823370c8,0x0000000082900000)
 Metaspace       used 59967K, capacity 62976K, committed 63152K, reserved 1103872K
  class space    used 8336K, capacity 8823K, committed 8880K, reserved 1048576K
Event: 147.451 GC heap after
Heap after GC invocations=30 (full 3):
 PSYoungGen      total 71168K, used 11567K [0x00000000d5b80000, 0x00000000db500000, 0x0000000100000000)
  eden space 57856K, 0% used [0x00000000d5b80000,0x00000000d5b80000,0x00000000d9400000)
  from space 13312K, 86% used [0x00000000d9400000,0x00000000d9f4bf80,0x00000000da100000)
  to   space 14848K, 0% used [0x00000000da680000,0x00000000da680000,0x00000000db500000)
 ParOldGen       total 23552K, used 17636K [0x0000000081200000, 0x0000000082900000, 0x00000000d5b80000)
  object space 23552K, 74% used [0x0000000081200000,0x00000000823390c8,0x0000000082900000)
 Metaspace       used 59967K, capacity 62976K, committed 63152K, reserved 1103872K
  class space    used 8336K, capacity 8823K, committed 8880K, reserved 1048576K
}

